[    0.000000] Initializing cgroup subsys cpuset
[    0.000000] Initializing cgroup subsys cpu
[    0.000000] Initializing cgroup subsys cpuacct
[    0.000000] Linux version 4.4.0-210-generic (buildd@lgw01-amd64-009) (gcc version 5.4.0 20160609 (Ubuntu 5.4.0-6ubuntu1~16.04.12) ) #242-Ubuntu SMP Fri Apr 16 09:57:56 UTC 2021 (Ubuntu 4.4.0-210.242-generic 4.4.262)
[    0.000000] Command line: BOOT_IMAGE=/boot/vmlinuz-4.4.0-210-generic root=LABEL=cloudimg-rootfs ro console=tty1 console=ttyS0
[    0.000000] KERNEL supported cpus:
[    0.000000]   Intel GenuineIntel
[    0.000000]   AMD AuthenticAMD
[    0.000000]   Centaur CentaurHauls
[    0.000000] x86/fpu: xstate_offset[2]:  576, xstate_sizes[2]:  256
[    0.000000] x86/fpu: Supporting XSAVE feature 0x01: 'x87 floating point registers'
[    0.000000] x86/fpu: Supporting XSAVE feature 0x02: 'SSE registers'
[    0.000000] x86/fpu: Supporting XSAVE feature 0x04: 'AVX registers'
[    0.000000] x86/fpu: Enabled xstate features 0x7, context size is 832 bytes, using 'standard' format.
[    0.000000] e820: BIOS-provided physical RAM map:
[    0.000000] BIOS-e820: [mem 0x0000000000000000-0x000000000009fbff] usable
[    0.000000] BIOS-e820: [mem 0x000000000009fc00-0x000000000009ffff] reserved
[    0.000000] BIOS-e820: [mem 0x00000000000f0000-0x00000000000fffff] reserved
[    0.000000] BIOS-e820: [mem 0x0000000000100000-0x000000003ffeffff] usable
[    0.000000] BIOS-e820: [mem 0x000000003fff0000-0x000000003fffffff] ACPI data
[    0.000000] BIOS-e820: [mem 0x00000000fec00000-0x00000000fec00fff] reserved
[    0.000000] BIOS-e820: [mem 0x00000000fee00000-0x00000000fee00fff] reserved
[    0.000000] BIOS-e820: [mem 0x00000000fffc0000-0x00000000ffffffff] reserved
[    0.000000] NX (Execute Disable) protection: active
[    0.000000] SMBIOS 2.5 present.
[    0.000000] Hypervisor detected: KVM
[    0.000000] e820: last_pfn = 0x3fff0 max_arch_pfn = 0x400000000
[    0.000000] MTRR: Disabled
[    0.000000] x86/PAT: MTRRs disabled, skipping PAT initialization too.
[    0.000000] CPU MTRRs all blank - virtualized system.
[    0.000000] x86/PAT: Configuration [0-7]: WB  WT  UC- UC  WB  WT  UC- UC  
[    0.000000] found SMP MP-table at [mem 0x0009fff0-0x0009ffff] mapped at [ffff88000009fff0]
[    0.000000] Scanning 1 areas for low memory corruption
[    0.000000] RAMDISK: [mem 0x362dc000-0x37165fff]
[    0.000000] ACPI: Early table checksum verification disabled
[    0.000000] ACPI: RSDP 0x00000000000E0000 000024 (v02 VBOX  )
[    0.000000] ACPI: XSDT 0x000000003FFF0030 00003C (v01 VBOX   VBOXXSDT 00000001 ASL  00000061)
[    0.000000] ACPI: FACP 0x000000003FFF00F0 0000F4 (v04 VBOX   VBOXFACP 00000001 ASL  00000061)
[    0.000000] ACPI: DSDT 0x000000003FFF0610 002353 (v02 VBOX   VBOXBIOS 00000002 INTL 20100528)
[    0.000000] ACPI: FACS 0x000000003FFF0200 000040
[    0.000000] ACPI: FACS 0x000000003FFF0200 000040
[    0.000000] ACPI: APIC 0x000000003FFF0240 000054 (v02 VBOX   VBOXAPIC 00000001 ASL  00000061)
[    0.000000] ACPI: SSDT 0x000000003FFF02A0 00036C (v01 VBOX   VBOXCPUT 00000002 INTL 20100528)
[    0.000000] No NUMA configuration found
[    0.000000] Faking a node at [mem 0x0000000000000000-0x000000003ffeffff]
[    0.000000] NODE_DATA(0) allocated [mem 0x3ffeb000-0x3ffeffff]
[    0.000000] kvm-clock: Using msrs 4b564d01 and 4b564d00
[    0.000000] kvm-clock: cpu 0, msr 0:3ffe3001, primary cpu clock
[    0.000000] kvm-clock: using sched offset of 3591203149 cycles
[    0.000000] clocksource: kvm-clock: mask: 0xffffffffffffffff max_cycles: 0x1cd42e4dffb, max_idle_ns: 881590591483 ns
[    0.000000] Zone ranges:
[    0.000000]   DMA      [mem 0x0000000000001000-0x0000000000ffffff]
[    0.000000]   DMA32    [mem 0x0000000001000000-0x000000003ffeffff]
[    0.000000]   Normal   empty
[    0.000000]   Device   empty
[    0.000000] Movable zone start for each node
[    0.000000] Early memory node ranges
[    0.000000]   node   0: [mem 0x0000000000001000-0x000000000009efff]
[    0.000000]   node   0: [mem 0x0000000000100000-0x000000003ffeffff]
[    0.000000] Initmem setup node 0 [mem 0x0000000000001000-0x000000003ffeffff]
[    0.000000] ACPI: PM-Timer IO Port: 0x4008
[    0.000000] IOAPIC[0]: apic_id 1, version 32, address 0xfec00000, GSI 0-23
[    0.000000] ACPI: INT_SRC_OVR (bus 0 bus_irq 0 global_irq 2 dfl dfl)
[    0.000000] ACPI: INT_SRC_OVR (bus 0 bus_irq 9 global_irq 9 low level)
[    0.000000] Using ACPI (MADT) for SMP configuration information
[    0.000000] smpboot: Allowing 1 CPUs, 0 hotplug CPUs
[    0.000000] PM: Registered nosave memory: [mem 0x00000000-0x00000fff]
[    0.000000] PM: Registered nosave memory: [mem 0x0009f000-0x0009ffff]
[    0.000000] PM: Registered nosave memory: [mem 0x000a0000-0x000effff]
[    0.000000] PM: Registered nosave memory: [mem 0x000f0000-0x000fffff]
[    0.000000] e820: [mem 0x40000000-0xfebfffff] available for PCI devices
[    0.000000] Booting paravirtualized kernel on KVM
[    0.000000] clocksource: refined-jiffies: mask: 0xffffffff max_cycles: 0xffffffff, max_idle_ns: 7645519600211568 ns
[    0.000000] setup_percpu: NR_CPUS:512 nr_cpumask_bits:512 nr_cpu_ids:1 nr_node_ids:1
[    0.000000] PERCPU: Embedded 33 pages/cpu @ffff88003fc00000 s95192 r8192 d31784 u2097152
[    0.000000] Built 1 zonelists in Node order, mobility grouping on.  Total pages: 257912
[    0.000000] Policy zone: DMA32
[    0.000000] Kernel command line: BOOT_IMAGE=/boot/vmlinuz-4.4.0-210-generic root=LABEL=cloudimg-rootfs ro console=tty1 console=ttyS0
[    0.000000] PID hash table entries: 4096 (order: 3, 32768 bytes)
[    0.000000] Memory: 997924K/1048120K available (8644K kernel code, 1332K rwdata, 4044K rodata, 1492K init, 1164K bss, 50196K reserved, 0K cma-reserved)
[    0.000000] SLUB: HWalign=64, Order=0-3, MinObjects=0, CPUs=1, Nodes=1
[    0.000000] Kernel/User page tables isolation: enabled
[    0.000000] Hierarchical RCU implementation.
[    0.000000] 	Build-time adjustment of leaf fanout to 64.
[    0.000000] 	RCU restricting CPUs from NR_CPUS=512 to nr_cpu_ids=1.
[    0.000000] RCU: Adjusting geometry for rcu_fanout_leaf=64, nr_cpu_ids=1
[    0.000000] NR_IRQS:33024 nr_irqs:256 16
[    0.000000] Console: colour VGA+ 80x25
[    0.000000] console [tty1] enabled
[    0.000000] console [ttyS0] enabled
[    0.000000] tsc: Detected 3392.294 MHz processor
[    0.261649] Calibrating delay loop (skipped) preset value.. 6784.58 BogoMIPS (lpj=13569176)
[    0.264804] pid_max: default: 32768 minimum: 301
[    0.266452] ACPI: Core revision 20150930
[    0.271808] ACPI: 2 ACPI AML tables successfully acquired and loaded
[    0.274384] Security Framework initialized
[    0.276104] Yama: becoming mindful.
[    0.277803] AppArmor: AppArmor initialized
[    0.279689] Dentry cache hash table entries: 131072 (order: 8, 1048576 bytes)
[    0.284395] Inode-cache hash table entries: 65536 (order: 7, 524288 bytes)
[    0.287033] Mount-cache hash table entries: 2048 (order: 2, 16384 bytes)
[    0.289101] Mountpoint-cache hash table entries: 2048 (order: 2, 16384 bytes)
[    0.291528] Initializing cgroup subsys io
[    0.292945] Initializing cgroup subsys memory
[    0.294951] Initializing cgroup subsys devices
[    0.296470] Initializing cgroup subsys freezer
[    0.298457] Initializing cgroup subsys net_cls
[    0.299977] Initializing cgroup subsys perf_event
[    0.301746] Initializing cgroup subsys net_prio
[    0.303286] Initializing cgroup subsys hugetlb
[    0.304807] Initializing cgroup subsys pids
[    0.307023] mce: CPU supports 0 MCE banks
[    0.308465] process: using mwait in idle threads
[    0.310502] Last level iTLB entries: 4KB 512, 2MB 8, 4MB 8
[    0.312340] Last level dTLB entries: 4KB 512, 2MB 32, 4MB 32, 1GB 0
[    0.314855] Spectre V1 : Mitigation: usercopy/swapgs barriers and __user pointer sanitization
[    0.317828] Spectre V2 : Mitigation: Full generic retpoline
[    0.319611] Spectre V2 : Spectre v2 / SpectreRSB mitigation: Filling RSB on context switch
[    0.323157] Speculative Store Bypass: Vulnerable
[    0.324807] SRBDS: Unknown: Dependent on hypervisor status
[    0.326715] MDS: Mitigation: Clear CPU buffers
[    0.365604] Freeing SMP alternatives memory: 36K
[    0.376342] ftrace: allocating 32380 entries in 127 pages
[    0.464985] smpboot: APIC(0) Converting physical 0 to logical package 0
[    0.467349] smpboot: Max logical packages: 1
[    0.469485] x2apic enabled
[    0.471162] Switched APIC routing to physical x2apic.
[    0.475225] ..TIMER: vector=0x30 apic1=0 pin1=2 apic2=-1 pin2=-1
[    0.585389] smpboot: CPU0: Intel(R) Core(TM) i7-3770 CPU @ 3.40GHz (family: 0x6, model: 0x3a, stepping: 0x9)
[    0.589253] Performance Events: unsupported p6 CPU model 58 no PMU driver, software events only.
[    0.605690] KVM setup paravirtual spinlock
[    0.607899] x86: Booted up 1 node, 1 CPUs
[    0.609348] smpboot: Total of 1 processors activated (6784.58 BogoMIPS)
[    0.611892] devtmpfs: initialized
[    0.623001] evm: security.selinux
[    0.624294] evm: security.SMACK64
[    0.625615] evm: security.SMACK64EXEC
[    0.626961] evm: security.SMACK64TRANSMUTE
[    0.628497] evm: security.SMACK64MMAP
[    0.629864] evm: security.ima
[    0.631056] evm: security.capability
[    0.632591] clocksource: jiffies: mask: 0xffffffff max_cycles: 0xffffffff, max_idle_ns: 7645041785100000 ns
[    0.635873] futex hash table entries: 256 (order: 2, 16384 bytes)
[    0.637966] pinctrl core: initialized pinctrl subsystem
[    0.639925] RTC time: 10:01:34, date: 04/04/23
[    0.642052] NET: Registered protocol family 16
[    0.644365] cpuidle: using governor ladder
[    0.646039] cpuidle: using governor menu
[    0.647475] PCCT header not found.
[    0.648918] ACPI: bus type PCI registered
[    0.650419] acpiphp: ACPI Hot Plug PCI Controller Driver version: 0.5
[    0.652580] PCI: Using configuration type 1 for base access
[    0.656980] ACPI: Added _OSI(Module Device)
[    0.658601] ACPI: Added _OSI(Processor Device)
[    0.660177] ACPI: Added _OSI(3.0 _SCP Extensions)
[    0.661823] ACPI: Added _OSI(Processor Aggregator Device)
[    0.664992] ACPI: Executed 1 blocks of module-level executable AML code
[    0.672344] ACPI: Interpreter enabled
[    0.673805] ACPI: (supports S0 S5)
[    0.675215] ACPI: Using IOAPIC for interrupt routing
[    0.677618] PCI: Using host bridge windows from ACPI; if necessary, use "pci=nocrs" and report a bug
[    0.688829] ACPI: PCI Root Bridge [PCI0] (domain 0000 [bus 00-ff])
[    0.690742] acpi PNP0A03:00: _OSC: OS supports [ASPM ClockPM Segments MSI]
[    0.693786] acpi PNP0A03:00: _OSC: not requesting OS control; OS requires [ExtendedConfig ASPM ClockPM MSI]
[    0.697512] acpi PNP0A03:00: fail to add MMCONFIG information, can't access extended PCI configuration space under this bridge.
[    0.702234] PCI host bridge to bus 0000:00
[    0.703742] pci_bus 0000:00: root bus resource [io  0x0000-0x0cf7 window]
[    0.705866] pci_bus 0000:00: root bus resource [io  0x0d00-0xffff window]
[    0.707910] pci_bus 0000:00: root bus resource [mem 0x000a0000-0x000bffff window]
[    0.710640] pci_bus 0000:00: root bus resource [mem 0x40000000-0xfdffffff window]
[    0.713364] pci_bus 0000:00: root bus resource [bus 00-ff]
[    0.717754] pci 0000:00:01.1: legacy IDE quirk: reg 0x10: [io  0x01f0-0x01f7]
[    0.720001] pci 0000:00:01.1: legacy IDE quirk: reg 0x14: [io  0x03f6]
[    0.722101] pci 0000:00:01.1: legacy IDE quirk: reg 0x18: [io  0x0170-0x0177]
[    0.724284] pci 0000:00:01.1: legacy IDE quirk: reg 0x1c: [io  0x0376]
[    0.760520] pci 0000:00:07.0: quirk: [io  0x4000-0x403f] claimed by PIIX4 ACPI
[    0.763473] pci 0000:00:07.0: quirk: [io  0x4100-0x410f] claimed by PIIX4 SMB
[    0.775413] ACPI: PCI Interrupt Link [LNKA] (IRQs 5 9 10 *11)
[    0.778552] ACPI: PCI Interrupt Link [LNKB] (IRQs 5 9 *10 11)
[    0.781280] ACPI: PCI Interrupt Link [LNKC] (IRQs 5 *9 10 11)
[    0.783753] ACPI: PCI Interrupt Link [LNKD] (IRQs 5 9 10 *11)
[    0.786352] ACPI: Enabled 2 GPEs in block 00 to 07
[    0.788440] vgaarb: setting as boot device: PCI:0000:00:02.0
[    0.790265] vgaarb: device added: PCI:0000:00:02.0,decodes=io+mem,owns=io+mem,locks=none
[    0.793077] vgaarb: loaded
[    0.794193] vgaarb: bridge control possible 0000:00:02.0
[    0.796389] SCSI subsystem initialized
[    0.797919] ACPI: bus type USB registered
[    0.799383] usbcore: registered new interface driver usbfs
[    0.801212] usbcore: registered new interface driver hub
[    0.802965] usbcore: registered new device driver usb
[    0.804858] PCI: Using ACPI for IRQ routing
[    0.806758] NetLabel: Initializing
[    0.808030] NetLabel:  domain hash size = 128
[    0.809605] NetLabel:  protocols = UNLABELED CIPSOv4
[    0.811272] NetLabel:  unlabeled traffic allowed by default
[    0.813212] amd_nb: Cannot enumerate AMD northbridges
[    0.814890] clocksource: Switched to clocksource kvm-clock
[    0.830438] AppArmor: AppArmor Filesystem Enabled
[    0.832469] pnp: PnP ACPI init
[    0.835181] pnp: PnP ACPI: found 3 devices
[    0.844641] clocksource: acpi_pm: mask: 0xffffff max_cycles: 0xffffff, max_idle_ns: 2085701024 ns
[    0.847931] NET: Registered protocol family 2
[    0.850035] TCP established hash table entries: 8192 (order: 4, 65536 bytes)
[    0.852417] TCP bind hash table entries: 8192 (order: 5, 131072 bytes)
[    0.854645] TCP: Hash tables configured (established 8192 bind 8192)
[    0.857232] UDP hash table entries: 512 (order: 2, 16384 bytes)
[    0.859466] UDP-Lite hash table entries: 512 (order: 2, 16384 bytes)
[    0.861574] NET: Registered protocol family 1
[    0.863138] pci 0000:00:00.0: Limiting direct PCI/PCI transfers
[    0.865146] pci 0000:00:01.0: Activating ISA DMA hang workarounds
[    0.867366] Unpacking initramfs...
[    1.262938] Freeing initrd memory: 14888K
[    1.264645] RAPL PMU detected, API unit is 2^-32 Joules, 3 fixed counters 10737418240 ms ovfl timer
[    1.267753] hw unit of domain pp0-core 2^-0 Joules
[    1.269422] hw unit of domain package 2^-0 Joules
[    1.270998] hw unit of domain pp1-gpu 2^-0 Joules
[    1.272889] clocksource: tsc: mask: 0xffffffffffffffff max_cycles: 0x30e5debfb38, max_idle_ns: 440795265279 ns
[    1.277261] platform rtc_cmos: registered platform RTC device (no PNP device found)
[    1.280661] Scanning for low memory corruption every 60 seconds
[    1.283423] audit: initializing netlink subsys (disabled)
[    1.285654] audit: type=2000 audit(1680602500.177:1): initialized
[    1.288383] Initialise system trusted keyring
[    1.290098] HugeTLB registered 2 MB page size, pre-allocated 0 pages
[    1.295333] zbud: loaded
[    1.297022] VFS: Disk quotas dquot_6.6.0
[    1.298594] VFS: Dquot-cache hash table entries: 512 (order 0, 4096 bytes)
[    1.301271] squashfs: version 4.0 (2009/01/31) Phillip Lougher
[    1.303560] fuse init (API version 7.23)
[    1.305198] Key type big_key registered
[    1.306678] Allocating IMA MOK and blacklist keyrings.
[    1.308810] Key type asymmetric registered
[    1.310284] Asymmetric key parser 'x509' registered
[    1.312137] Block layer SCSI generic (bsg) driver version 0.4 loaded (major 249)
[    1.314918] io scheduler noop registered
[    1.316448] io scheduler deadline registered (default)
[    1.318214] io scheduler cfq registered
[    1.319816] pci_hotplug: PCI Hot Plug PCI Core version: 0.5
[    1.321679] pciehp: PCI Express Hot Plug Controller Driver version: 0.4
[    1.323949] ACPI: AC Adapter [AC] (on-line)
[    1.325548] input: Power Button as /devices/LNXSYSTM:00/LNXPWRBN:00/input/input0
[    1.328308] ACPI: Power Button [PWRF]
[    1.329781] input: Sleep Button as /devices/LNXSYSTM:00/LNXSLPBN:00/input/input1
[    1.332539] ACPI: Sleep Button [SLPF]
[    1.334087] GHES: HEST is not enabled!
[    1.335711] Serial: 8250/16550 driver, 32 ports, IRQ sharing enabled
[    1.358795] 00:02: ttyS0 at I/O 0x3f8 (irq = 4, base_baud = 115200) is a 16550A
[    1.363942] Linux agpgart interface v0.103
[    1.367281] loop: module loaded
[    1.369363] scsi host0: ata_piix
[    1.370764] scsi host1: ata_piix
[    1.372218] ata1: PATA max UDMA/33 cmd 0x1f0 ctl 0x3f6 bmdma 0xd000 irq 14
[    1.374387] ata2: PATA max UDMA/33 cmd 0x170 ctl 0x376 bmdma 0xd008 irq 15
[    1.377761] libphy: Fixed MDIO Bus: probed
[    1.379310] tun: Universal TUN/TAP device driver, 1.6
[    1.381101] tun: (C) 1999-2004 Max Krasnyansky <maxk@qualcomm.com>
[    1.383123] PPP generic driver version 2.4.2
[    1.385023] ehci_hcd: USB 2.0 'Enhanced' Host Controller (EHCI) Driver
[    1.387174] ehci-pci: EHCI PCI platform driver
[    1.388805] ehci-platform: EHCI generic platform driver
[    1.390923] ohci_hcd: USB 1.1 'Open' Host Controller (OHCI) Driver
[    1.392944] ohci-pci: OHCI PCI platform driver
[    1.394753] ohci-platform: OHCI generic platform driver
[    1.396820] uhci_hcd: USB Universal Host Controller Interface driver
[    1.398910] i8042: PNP: PS/2 Controller [PNP0303:PS2K,PNP0f03:PS2M] at 0x60,0x64 irq 1,12
[    1.402553] serio: i8042 KBD port at 0x60,0x64 irq 1
[    1.404334] serio: i8042 AUX port at 0x60,0x64 irq 12
[    1.406320] mousedev: PS/2 mouse device common for all mice
[    1.409203] input: AT Translated Set 2 keyboard as /devices/platform/i8042/serio0/input/input2
[    1.413100] rtc_cmos rtc_cmos: rtc core: registered rtc_cmos as rtc0
[    1.415836] rtc_cmos rtc_cmos: alarms up to one day, 114 bytes nvram
[    1.418043] i2c /dev entries driver
[    1.419442] device-mapper: uevent: version 1.0.3
[    1.421727] device-mapper: ioctl: 4.34.0-ioctl (2015-10-28) initialised: dm-devel@redhat.com
[    1.425698] ledtrig-cpu: registered to indicate activity on CPUs
[    1.428182] NET: Registered protocol family 10
[    1.429960] NET: Registered protocol family 17
[    1.431527] Key type dns_resolver registered
[    1.433395] registered taskstats version 1
[    1.434894] Loading compiled-in X.509 certificates
[    1.437517] Loaded X.509 cert 'Build time autogenerated kernel key: cf00e047681d67edb2720680708b7d9498083038'
[    1.440814] zswap: loaded using pool lzo/zbud
[    1.444796] Key type trusted registered
[    1.450422] Key type encrypted registered
[    1.452035] AppArmor: AppArmor sha1 policy hashing enabled
[    1.453922] ima: No TPM chip found, activating TPM-bypass!
[    1.456067] ima: Allocated hash algorithm: sha1
[    1.457711] evm: HMAC attrs: 0x1
[    1.459372]   Magic number: 3:308:21
[    1.460768] rtc_cmos rtc_cmos: setting system clock to 2023-04-04 10:01:35 UTC (1680602495)
[    1.463750] BIOS EDD facility v0.16 2004-Jun-25, 0 devices found
[    1.465701] EDD information not available.
[    1.564104] Freeing unused kernel memory: 1492K
[    1.566349] Write protecting the kernel read-only data: 14336k
[    1.569550] Freeing unused kernel memory: 1584K
[    1.571617] Freeing unused kernel memory: 52K
Loading, please wait...
starting version 229
[    1.591635] random: systemd-udevd: uninitialized urandom read (16 bytes read, 2 bits of entropy available)
[    1.595188] random: systemd-udevd: uninitialized urandom read (16 bytes read, 2 bits of entropy available)
[    1.599294] random: udevadm: uninitialized urandom read (16 bytes read, 2 bits of entropy available)
[    1.602501] random: udevadm: uninitialized urandom read (16 bytes read, 2 bits of entropy available)
[    1.606096] random: systemd-udevd: uninitialized urandom read (16 bytes read, 2 bits of entropy available)
[    1.610952] random: systemd-udevd: uninitialized urandom read (16 bytes read, 2 bits of entropy available)
[    1.624975] random: systemd-udevd: uninitialized urandom read (16 bytes read, 2 bits of entropy available)
[    1.630945] random: systemd-udevd: uninitialized urandom read (16 bytes read, 2 bits of entropy available)
[    1.634261] random: systemd-udevd: uninitialized urandom read (16 bytes read, 2 bits of entropy available)
[    1.639995] random: udevadm: uninitialized urandom read (16 bytes read, 2 bits of entropy available)
[    1.735539] e1000: Intel(R) PRO/1000 Network Driver - version 7.3.21-k8-NAPI
[    1.738344] e1000: Copyright (c) 1999-2006 Intel Corporation.
[    1.747441] Fusion MPT base driver 3.04.20
[    1.748993] Copyright (c) 1999-2008 LSI Corporation
[    1.789536] Fusion MPT SPI Host driver 3.04.20
[    1.808668] AVX version of gcm_enc/dec engaged.
[    1.810268] AES CTR mode by8 optimization enabled
[    1.968487] input: ImExPS/2 Generic Explorer Mouse as /devices/platform/i8042/serio1/input/input4
[    2.238218] e1000 0000:00:03.0 eth0: (PCI:33MHz:32-bit) 02:be:82:6b:cc:1d
[    2.243520] e1000 0000:00:03.0 eth0: Intel(R) PRO/1000 Network Connection
[    2.247714] mptbase: ioc0: Initiating bringup
[    2.320004] ioc0: LSI53C1030 A0: Capabilities={Initiator}
[    2.487906] scsi host2: ioc0: LSI53C1030 A0, FwRev=00000000h, Ports=1, MaxQ=256, IRQ=20
[    2.611385] scsi 2:0:0:0: Direct-Access     VBOX     HARDDISK         1.0  PQ: 0 ANSI: 5
[    2.619906] scsi target2:0:0: Beginning Domain Validation
[    2.628044] scsi target2:0:0: Domain Validation skipping write tests
[    2.632959] scsi target2:0:0: Ending Domain Validation
[    2.636320] scsi target2:0:0: asynchronous
[    2.644743] scsi 2:0:1:0: Direct-Access     VBOX     HARDDISK         1.0  PQ: 0 ANSI: 5
[    2.648618] scsi target2:0:1: Beginning Domain Validation
[    2.772745] scsi target2:0:1: Domain Validation skipping write tests
[    2.774836] scsi target2:0:1: Ending Domain Validation
[    2.786692] scsi target2:0:1: asynchronous
[    2.911942] sd 2:0:0:0: Attached scsi generic sg0 type 0
[    2.914069] sd 2:0:0:0: [sda] 83886080 512-byte logical blocks: (42.9 GB/40.0 GiB)
[    2.917182] sd 2:0:1:0: [sdb] 20480 512-byte logical blocks: (10.5 MB/10.0 MiB)
[    2.919901] sd 2:0:1:0: Attached scsi generic sg1 type 0
[    2.922004] sd 2:0:1:0: [sdb] Write Protect is off
[    2.923808] sd 2:0:0:0: [sda] Write Protect is off
[    2.925842] sd 2:0:0:0: [sda] Incomplete mode parameter data
[    2.927902] sd 2:0:0:0: [sda] Assuming drive cache: write through
[    2.930006] sd 2:0:1:0: [sdb] Incomplete mode parameter data
[    2.931990] sd 2:0:1:0: [sdb] Assuming drive cache: write through
[    2.951686]  sda: sda1
[    2.953969] sd 2:0:0:0: [sda] Attached SCSI disk
[    2.955890] sd 2:0:1:0: [sdb] Attached SCSI disk
[    3.120328] e1000 0000:00:08.0 eth1: (PCI:33MHz:32-bit) 08:00:27:f0:ed:48
[    3.122742] e1000 0000:00:08.0 eth1: Intel(R) PRO/1000 Network Connection
[    3.126524] e1000 0000:00:08.0 enp0s8: renamed from eth1
[    3.130680] e1000 0000:00:03.0 enp0s3: renamed from eth0
Begin: Loading essential drivers ... [    4.852857] md: linear personality registered for level -1
[    4.858250] md: multipath personality registered for level -4
[    4.864061] md: raid0 personality registered for level 0
[    4.870695] md: raid1 personality registered for level 1
[    4.943569] raid6: sse2x1   gen()  2950 MB/s
[    5.010921] raid6: sse2x1   xor()  2077 MB/s
[    5.079268] raid6: sse2x2   gen()  5505 MB/s
[    5.147607] raid6: sse2x2   xor()  3709 MB/s
[    5.214975] raid6: sse2x4   gen()  8549 MB/s
[    5.283317] raid6: sse2x4   xor()  4677 MB/s
[    5.284915] raid6: using algorithm sse2x4 gen() 8549 MB/s
[    5.286840] raid6: .... xor() 4677 MB/s, rmw enabled
[    5.288614] raid6: using ssse3x2 recovery algorithm
[    5.292652] xor: automatically using best checksumming function:
[    5.330927]    avx       : 18383.000 MB/sec
[    5.334763] async_tx: api initialized (async)
[    5.351962] md: raid6 personality registered for level 6
[    5.353812] md: raid5 personality registered for level 5
[    5.355631] md: raid4 personality registered for level 4
[    5.366005] md: raid10 personality registered for level 10
done.
Begin: Running /scripts/init-premount ... done.
Begin: Mounting root file system ... Begin: Running /scripts/local-top ... done.
Begin: Running /scripts/local-premount ... [    5.423206] Btrfs loaded
Scanning for Btrfs filesystems
done.
Warning: fsck not present, so skipping root file system
[    5.462028] EXT4-fs (sda1): mounted filesystem with ordered data mode. Opts: (null)
done.
Begin: Running /scripts/local-bottom ... done.
Begin: Running /scripts/init-bottom ... done.
[    5.579912] systemd[1]: systemd 229 running in system mode. (+PAM +AUDIT +SELINUX +IMA +APPARMOR +SMACK +SYSVINIT +UTMP +LIBCRYPTSETUP +GCRYPT +GNUTLS +ACL +XZ -LZ4 +SECCOMP +BLKID +ELFUTILS +KMOD -IDN)
[    5.585740] systemd[1]: Detected virtualization oracle.
[    5.587570] systemd[1]: Detected architecture x86-64.

Welcome to [1mUbuntu 16.04.7 LTS[0m!

[    5.592819] systemd[1]: Set hostname to <ubuntu>.
[    5.596854] systemd[1]: Initializing machine ID from random generator.
[    5.599033] systemd[1]: Installed transient /etc/machine-id file.
[    5.752920] systemd[1]: Listening on LVM2 poll daemon socket.
[[0;32m  OK  [0m] Listening on LVM2 poll daemon socket.
[    5.756265] systemd[1]: Listening on Device-mapper event daemon FIFOs.
[[0;32m  OK  [0m] Listening on Device-mapper event daemon FIFOs.
[    5.759793] systemd[1]: Started Trigger resolvconf update for networkd DNS.
[[0;32m  OK  [0m] Started Trigger resolvconf update for networkd DNS.
[    5.771181] systemd[1]: Started Forward Password Requests to Wall Directory Watch.
[[0;32m  OK  [0m] Started Forward Password Requests to Wall Directory Watch.
[    5.775521] systemd[1]: Listening on Journal Audit Socket.
[[0;32m  OK  [0m] Listening on Journal Audit Socket.
[    5.783918] systemd[1]: Listening on Journal Socket.
[[0;32m  OK  [0m] Listening on Journal Socket.
[    5.787606] systemd[1]: Created slice System Slice.
[[0;32m  OK  [0m] Created slice System Slice.
[    5.791450] systemd[1]: Starting Uncomplicated firewall...
         Starting Uncomplicated firewall...
[    5.797013] systemd[1]: Mounting POSIX Message Queue File System...
         Mounting POSIX Message Queue File System...
[    5.811971] systemd[1]: Starting Create list of required static device nodes for the current kernel...
         Starting Create list of required st... nodes for the current kernel...
[    5.818269] systemd[1]: Listening on fsck to fsckd communication Socket.
[[0;32m  OK  [0m] Listening on fsck to fsckd communication Socket.
[    5.823748] systemd[1]: Listening on /dev/initctl Compatibility Named Pipe.
[[0;32m  OK  [0m] Listening on /dev/initctl Compatibility Named Pipe.
[    5.827547] systemd[1]: Listening on Syslog Socket.
[[0;32m  OK  [0m] Listening on Syslog Socket.
[    5.830525] systemd[1]: Reached target Swap.
[[0;32m  OK  [0m] Reached target Swap.
[    5.833317] systemd[1]: Listening on Journal Socket (/dev/log).
[[0;32m  OK  [0m] Listening on Journal Socket (/dev/log).
[    5.837513] systemd[1]: Mounting Debug File System...
         Mounting Debug File System...
[    5.840381] systemd[1]: Listening on LVM2 metadata daemon socket.
[[0;32m  OK  [0m] Listening on LVM2 metadata daemon socket.
[    5.846463] systemd[1]: Starting Monitoring of LVM2 mirrors, snapshots etc. using dmeventd or progress polling...
         Starting Monitoring of LVM2 mirrors... dmeventd or progress polling...
[    5.856704] systemd[1]: Mounting Huge Pages File System...
         Mounting Huge Pages File System...
[    5.865383] systemd[1]: Starting Nameserver information manager...
         Starting Nameserver information manager...
[    5.879101] systemd[1]: Reached target User and Group Name Lookups.
[[0;32m  OK  [0m] Reached target User and Group Name Lookups.
[    5.883060] systemd[1]: Created slice system-serial\x2dgetty.slice.
[[0;32m  OK  [0m] Created slice system-serial\x2dgetty.slice.
[    5.886679] systemd[1]: Listening on udev Control Socket.
[[0;32m  OK  [0m] Listening on udev Control Socket.
[    5.889877] systemd[1]: Listening on udev Kernel Socket.
[[0;32m  OK  [0m] Listening on udev Kernel Socket.
[    5.893837] systemd[1]: Starting Journal Service...
         Starting Journal Service...
[    5.897437] systemd[1]: Starting File System Check on Root Device...
         Starting File System Check on Root Device...
[    5.904857] systemd[1]: Reached target Encrypted Volumes.
[[0;32m  OK  [0m] Reached target Encrypted Volumes.
[    5.915500] systemd[1]: Set up automount Arbitrary Executable File Formats File System Automount Point.
[[0;32m  OK  [0m] Set up automount Arbitrary Executab...ats File System Automount Point.
[    5.926465] systemd[1]: Starting Set console keymap...
         Starting Set console keymap...
[    5.934413] systemd[1]: Created slice User and Session Slice.
[[0;32m  OK  [0m] Created slice User and Session Slice.
[    5.942542] systemd[1]: Reached target Slices.
[[0;32m  OK  [0m] Reached target Slices.
[    5.948399] systemd[1]: Reached target System Time Synchronized.
[[0;32m  OK  [0m] Reached target System Time Synchronized.
[    5.957251] systemd[1]: Starting Load Kernel Modules...
         Starting Load Kernel Modules...
[    5.974566] systemd[1]: Mounted Huge Pages File System.
[[0;32m  OK  [0m] Mounted Huge Pages File System.
[    5.981501] systemd[1]: Mounted POSIX Message Queue File System.
[[0;32m  OK  [0m] Mounted POSIX Message Queue File System.
[    5.991185] Loading iSCSI transport class v2.0-870.
[    5.995181] systemd[1]: Mounted Debug File System.
[[0;32m  OK  [0m] Mounted Debug File System.
[    5.999167] systemd[1]: Started Journal Service.
[[0;32m  OK  [0m] Started Journal Service.
[[0;32m  OK  [0m] Started Uncomplicated firewall.
[[0;32m  OK  [0m] Started Create list of required sta...ce nodes for the current kernel.
[[0;32m  OK  [0m] Started File System Check on Root Device.
[[0;32m  OK  [0m] Started Nameserver information manager.
[[0;32m  OK  [0m] Started LVM2 metadata daemon.
[    6.037700] iscsi: registered transport (tcp)
[[0;32m  OK  [0m] Started File System Check Daemon to report status.
         Starting Remount Root and Kernel File Systems...
         Starting Create Static Device Nodes in /dev...
[    6.060670] EXT4-fs (sda1): re-mounted. Opts: (null)
[[0;32m  OK  [0m] Started Remount Root and Kernel File Systems.
         Starting Flush Journal to Persistent Storage...
         Starting Load/Save Random Seed...
         Starting udev Coldplug all Devices...
[[0;32m  OK  [0m] Started Load/Save Random Seed.
[[0;32m  OK  [0m] Started Create Static Device Nodes in /dev.
         Starting udev Kernel Device Manager...
[    6.117813] systemd-journald[384]: Received request to flush runtime journal from PID 1
[[0;32m  OK  [0m] Started Flush Journal to Persistent Storage.
[[0;32m  OK  [0m] Started Monitoring of LVM2 mirrors,...ng dmeventd or progress polling.
[[0;32m  OK  [0m] Started udev Kernel Device Manager.
[    6.242320] iscsi: registered transport (iser)
[[0;32m  OK  [0m] Started Load Kernel Modules.
         Mounting FUSE Control File System...
         Starting Apply Kernel Variables...
[    6.274614] random: nonblocking pool is initialized
[[0;32m  OK  [0m] Mounted FUSE Control File System.
[[0;32m  OK  [0m] Started Apply Kernel Variables.
[[0;32m  OK  [0m] Started udev Coldplug all Devices.
[[0;32m  OK  [0m] Started Set console keymap.
[[0;32m  OK  [0m] Reached target Local File Systems (Pre).
[[0;32m  OK  [0m] Reached target Local File Systems.
         Starting Commit a transient machine-id on disk...
         Starting LSB: AppArmor initialization...
         Starting Create Volatile Files and Directories...
         Starting Initial cloud-init job (pre-networking)...
         Starting Tell Plymouth To Write Out Runtime Data...
         Starting Set console font and keymap...
[[0;32m  OK  [0m] Started Dispatch Password Requests to Console Directory Watch.
[[0;32m  OK  [0m] Started Commit a transient machine-id on disk.
[[0;32m  OK  [0m] Started Tell Plymouth To Write Out Runtime Data.
[[0;32m  OK  [0m] Started Create Volatile Files and Directories.
         Starting Update UTMP about System Boot/Shutdown...
[[0;32m  OK  [0m] Started Update UTMP about System Boot/Shutdown.
[[0;32m  OK  [0m] Found device /dev/ttyS0.
[[0;32m  OK  [0m] Listening on Load/Save RF Kill Switch Status /dev/rfkill Watch.
[    9.494481] cloud-init[498]: Cloud-init v. 21.1-19-gbad84ad4-0ubuntu1~16.04.2 running 'init-local' at Tue, 04 Apr 2023 10:01:42 +0000. Up 8.43 seconds.
[[0;32m  OK  [0m] Started Initial cloud-init job (pre-networking).
[[0;32m  OK  [0m] Reached target Network (Pre).
[[0;32m  OK  [0m] Started Set console font and keymap.
[[0;32m  OK  [0m] Created slice system-getty.slice.
[[0;32m  OK  [0m] Started LSB: AppArmor initialization.
         Starting Raise network interfaces...
         Starting Load AppArmor profiles managed internally by snapd...
[[0;32m  OK  [0m] Started Load AppArmor profiles managed internally by snapd.
[[0;32m  OK  [0m] Started Raise network interfaces.
         Starting Initial cloud-init job (metadata service crawler)...
[[0;32m  OK  [0m] Reached target Network.
[   13.933396] cloud-init[965]: Cloud-init v. 21.1-19-gbad84ad4-0ubuntu1~16.04.2 running 'init' at Tue, 04 Apr 2023 10:01:47 +0000. Up 13.06 seconds.
[   13.935592] cloud-init[965]: ci-info: ++++++++++++++++++++++++++++++++++++++Net device info+++++++++++++++++++++++++++++++++++++++
[   13.940225] cloud-init[965]: ci-info: +--------+-------+----------------------------+---------------+--------+-------------------+
[   13.944939] cloud-init[965]: ci-info: | Device |   Up  |          Address           |      Mask     | Scope  |     Hw-Address    |
[   13.948236] cloud-init[965]: ci-info: +--------+-------+----------------------------+---------------+--------+-------------------+
[   13.956728] cloud-init[965]: ci-info: | enp0s3 |  True |         10.0.2.15          | 255.255.255.0 | global | 02:be:82:6b:cc:1d |
[   13.964484] cloud-init[965]: ci-info: | enp0s3 |  True | fe80::be:82ff:fe6b:cc1d/64 |       .       |  link  | 02:be:82:6b:cc:1d |
[   13.966541] cloud-init[965]: ci-info: | enp0s8 | False |             .              |       .       |   .    | 08:00:27:f0:ed:48 |
[   13.972547] cloud-init[965]: ci-info: |   lo   |  True |         127.0.0.1          |   255.0.0.0   |  host  |         .         |
[   13.977157] cloud-init[965]: ci-info: |   lo   |  True |          ::1/128           |       .       |  host  |         .         |
[   13.984262] cloud-init[965]: ci-info: +--------+-------+----------------------------+---------------+--------+-------------------+
[   13.986788] cloud-init[965]: ci-info: +++++++++++++++++++++++++++Route IPv4 info++++++++++++++++++++++++++++
[   14.000502] cloud-init[965]: ci-info: +-------+-------------+----------+---------------+-----------+-------+
[   14.002427] cloud-init[965]: ci-info: | Route | Destination | Gateway  |    Genmask    | Interface | Flags |
[   14.008646] cloud-init[965]: ci-info: +-------+-------------+----------+---------------+-----------+-------+
[   14.017137] cloud-init[965]: ci-info: |   0   |   0.0.0.0   | 10.0.2.2 |    0.0.0.0    |   enp0s3  |   UG  |
[   14.018643] cloud-init[965]: ci-info: |   1   |   10.0.2.0  | 0.0.0.0  | 255.255.255.0 |   enp0s3  |   U   |
[   14.020322] cloud-init[965]: ci-info: +-------+-------------+----------+---------------+-----------+-------+
[   14.028576] cloud-init[965]: ci-info: +++++++++++++++++++Route IPv6 info+++++++++++++++++++
[   14.029862] cloud-init[965]: ci-info: +-------+-------------+---------+-----------+-------+
[[0;32m  OK  [0m] Started Initial cloud-init job (metadata service crawler).
[[0;32m  OK  [0m] Reached target Network is Online.
[   14.034535] cloud-init[965]: ci-info: | Route | Destination | Gateway | Interface | Flags |         Starting iSCSI initiator daemon (iscsid)...
[[0;32m  OK  [0m] Reached target Cloud-config availability.
[[0;32m  OK  [0m] Reached target System Initialization.
[   14.040277] cloud-init[965]: ci-info: +-------+-------------+---------+-----------+-------+
[   14.041818] cloud-init[965]: ci-info: |   0   |  fe80::/64  |    ::   |   enp0s3  |   U   |
[   14.042900] cloud-init[965]: ci-info: |   3   |   ff00::/8  |    ::   |   enp0s3  |   U   |

[   14.045480] cloud-init[965]: ci-info: +-------+-------------+---------+-----------+-------+[[0;32m  OK  [0m] Started ACPI Events Check.
[[0;32m  OK  [0m] Reached target Paths.
         Starting LXD - unix socket.
[[0;32m  OK  [0m
[   14.054058] ] Started Daily apt download activities.
[[0;32m  OK  [0m] Started Daily apt upgrade and clean activities.
[[0;32m  OK  [0m] Started Daily Cleanup of Temporary Directories.
[[0;32m  OK  [0m] Listening on UUID daemon activation socket.cloud-init[965]: Generating public/private rsa key pair.
[   14.062811] cloud-init[965]: Your identification has been saved in /etc/ssh/ssh_host_rsa_key.
         Starting Socket activation for snappy daemon.
[[0;32m  OK  [0m] Listening on D-Bus System Message Bus Socket.
[[0;32m  OK  [0m] Started Ubuntu Advantage update messaging.
[   14.069036] cloud-init[965]: Your public key has been saved in /etc/ssh/ssh_host_rsa_key.pub.
[   14.070603] cloud-init[965]: The key fingerprint is:
[   14.071670] cloud-init
[[0;32m  OK  [0m] Started Message of the Day.
[[0;32m  OK  [0m] Reached target Timers.
[[0;32m  OK  [0m] Listening on ACPID Listen Socket.
[965]: SHA256:AiUhIwmD2CuSAWkZzrWKe4j93S2By0GQ5jjYPfQPaWc root@ubuntu-xenial
[   14.077947] cloud-init[965]: The key's randomart image is:
[   14.080142] cloud-init[965]: +---[RSA 2048]----+
[   14.081159] cloud-init[965]: |X==.oo.          |
[   14.082172] cloud-init[965]: |O=oo*o           |
[   14.083168] cloud-init[965]: |.B O.o .         |
[[0;32m  OK  [0m] Listening on LXD - unix socket.
[[0;32m  OK  [0m] Listening on Socket activation for snappy daemon.
[[0;32m  OK  [0m] Reached target Sockets.
[[0;32m  OK  [0m] Reached target Basic System.[   14.088360] cloud-init[965]: |* * +.* E        |
[   14.089351] cloud-init[965]: |oo . +.*S        |
[   14.090371] cloud-init[965]: |.+    o.o        |
[   14.091358] cloud-init[965]: |+ o  . o .       |
         Starting /etc/rc.local Compatibility...

[[0;32m  OK  [0m] Started Regular background program processing daemon.
[   14.100129] cloud-init[965]: | . . .o...       |
[   14.101900] cloud-init[965]: |    . . ...      |
         Starting System Logging Service...
         Starting LSB: Record successful boot for GRUB...
         Starting Virtualbox guest utils...
[[0;32m  OK  [0m] Started ACPI event daemon.
[[0;32m  OK  [0m] Started Deferred execution scheduler.
         Starting Accounts Service...
         [   14.121772] Starting LXD - container startup/shutdown...
         Starting Snap Daemon...cloud-init[965]: 
         Starting LSB: MD monitoring daemon...
+----[SHA256]-----+[[0;32m  OK  [0m] Started D-Bus System Message Bus.

[   14.185732] cloud-init[965]: Generating public/private dsa key pair.
[   14.215672] cloud-init[965]: Your identification has been saved in /etc/ssh/ssh_host_dsa_key.
[   14.224544] cloud-init[965]: Your public key has been saved in /etc/ssh/ssh_host_dsa_key.pub.
[   14.228353] cloud-init[965]: The key fingerprint is:
[   14.234819] cloud-init[965]: SHA256:MsY+jmousKC8BqA1pDAdYN2MOnMthMQkOqfmk+ovGUU root@ubuntu-xenial
[   14.242457] cloud-init[965]: The key's randomart image is:         Starting Pollinate to seed the pseudo random number generator...
[[0;32m  OK  [0m] Started FUSE filesystem for LXC.

[   14.258897]          Starting Login Service...
[[0;32m  OK  [0m] Started System Logging Service.
[[0;32m  OK  [0m] Started iSCSI initiator daemon (iscsid).
[[0;32m  OK  [0m] Started /etc/rc.local Compatibility.
         Starting Login to default iSCSI targets...
cloud-init[965]: +---[DSA 1024]----+
[   14.341983] cloud-init[965]: |**+.+            |
[   14.361569] cloud-init[965]: |*ooE o           |
[[0;32m  OK  [0m] Started Login to default iSCSI targets.
[[0;32m  OK  [0m[   14.385128] cloud-init[965]: |++= .            |
] Started Login Service.
[[0;32m  OK  [0m] Started LSB: Record successful boot for GRUB.
[[0;32m  OK  [0m] Started Unattended Upgrades Shutdown.
[[0;32m  OK  [0m] Reached target Remote File Systems (Pre).
[[0;32m  OK  [0m] Reached target Remote File Systems.
[   14.392786]          Starting LSB: automatic crash report generation...
         Starting LSB: daemon to balance interrupts for SMP systems...
         Starting LSB: Set the CPU Frequency Scaling governor to "ondemand"...
         Starting Permit User Sessions...
         Starting Authenticate and Authorize Users to Run Privileged Tasks...
[[0;32m  OK  [0m] Started Permit User Sessions.
         Starting Terminate Plymouth Boot Screen...
         Starting Hold until boot process finishes up...
[[0;32m  OK  [0m] Started Hold until boot process finishes up.
[[0;32m  OK  [0m] Started Getty on tty1.
[[0;32m  OK  [0m] Started Serial Getty on ttyS0.
[[0;32m  OK  [0m] Reached target Login Prompts.
         Starting Set console scheme...
[[0;32m  OK  [0m] Started Terminate Plymouth Boot Screen.
cloud-init[965]: |oBo+ o           |
[[0;32m  OK  [0m] Started Set console scheme.
[   14.499909] cloud-init[965]: |+o=.. = S        |
[[0;32m  OK  [0m] Started LXD - container startup/shutdown.
[   14.522644] cloud-init[965]: |B..  o o         |
[[0;32m  OK  [0m] Started LSB: MD monitoring daemon.
[   14.540262] cloud-init[965]: |*=o   o          |
[   14.549521] cloud-init[965]: |==o  o .         |
[   14.560618] cloud-init[965]: |+**o. .          |
[[0;32m  OK  [0m] Started LSB: Set the CPU Frequency Scaling governor to "ondemand".
[   14.583323] cloud-init[965]: +----[SHA256]-----+
[[0;32m  OK  [0m] Started Authenticate and Authorize Users to Run Privileged Tasks.
[   14.603090] cloud-init[965]: Generating public/private ecdsa key pair.
[[0;32m  OK  [0m] Started Accounts Service.
[   14.611255] cloud-init[965]: Your identification has been saved in /etc/ssh/ssh_host_ecdsa_key.
[   14.636427] cloud-init[965]: Your public key has been saved in /etc/ssh/ssh_host_ecdsa_key.pub.
[[0;32m  OK  [0m] Started LSB: daemon to balance interrupts for SMP systems.
[   14.642634] cloud-init[965]: The key fingerprint is:
[[0;32m  OK  [0m] Started LSB: automatic crash report generation.
[   14.656493] cloud-init[965]: SHA256:zUbdl/nOz9feCbjIcy2rEbXZ01dV2BroMUcBJMAA9Zw root@ubuntu-xenial
[   14.668887] cloud-init[965]: The key's randomart image is:
[   14.676852] cloud-init[965]: +---[ECDSA 256]---+
[   14.680824] cloud-init[965]: |    .ooo....o+o++|
[   14.688358] cloud-init[965]: |       o.. o+.+ =|
[   14.697083] cloud-init[965]: |        E .o.+.=o|
[   14.705531] cloud-init[965]: |         +. = o.o|
[   14.712923] cloud-init[965]: |        S.+o o .o|
[   14.716230] cloud-init[965]: |         .. . .o.|
[   14.721009] cloud-init[965]: |         . ...  +|
[   14.732416] cloud-init[965]: |        ..oo....*|
[   14.735220] cloud-init[965]: |         ++oo  o*|
[   14.748869] cloud-init[965]: +----[SHA256]-----+
[   14.755669] cloud-init[965]: Generating public/private ed25519 key pair.
[   14.764636] cloud-init[965]: Your identification has been saved in /etc/ssh/ssh_host_ed25519_key.
[   14.770949] cloud-init[965]: Your public key has been saved in /etc/ssh/ssh_host_ed25519_key.pub.
[   14.788797] cloud-init[965]: The key fingerprint is:
[[0;32m  OK  [0m] Started Virtualbox guest utils.
[   14.805605] cloud-init[965]: SHA256:dBko1C7mqL+DL55q4aziC+E4md/z6ny8h9gesy8PY3Y root@ubuntu-xenial
[   14.813533] cloud-init[965]: The key's randomart image is:
[   14.820873] cloud-init[965]: +--[ED25519 256]--+
[   14.831591] cloud-init[965]: |     ... ..      |
[   14.838137] cloud-init[965]: |      . o  o     |
[   14.846105] cloud-init[965]: |       o. o      |
[   14.849181] cloud-init[965]: |      o...       |
[   14.860592] cloud-init[965]: |.    + .S        |
[   14.862323] cloud-init[965]: |o=  . .          |
[   14.866170] cloud-init[965]: |O..o +B.E        |
[   14.871776] cloud-init[965]: |o*+++o*B.        |
[   14.884387] cloud-init[965]: |B===OO=*o        |
[   14.892425] cloud-init[965]: +----[SHA256]-----+
[[0;32m  OK  [0m] Started Snap Daemon.
         Starting Wait until snapd is fully seeded...
[[0;32m  OK  [0m] Started Pollinate to seed the pseudo random number generator.
         Starting OpenBSD Secure Shell server...
[[0;32m  OK  [0m] Started OpenBSD Secure Shell server.
[[0;32m  OK  [0m] Started Wait until snapd is fully seeded.
         Starting Apply the settings specified in cloud-config...
[[0;32m  OK  [0m] Reached target Multi-User System.
[[0;32m  OK  [0m] Reached target Graphical Interface.
         Starting Update UTMP about System Runlevel Changes...
[[0;32m  OK  [0m] Started Update UTMP about System Runlevel Changes.
[   20.353936] cloud-init[1319]: Generating locales (this might take a while)...

Ubuntu 16.04.7 LTS ubuntu-xenial ttyS0

ubuntu-xenial login: [   24.130813] cloud-init[1319]:   en_US.UTF-8... done
[   24.136990] cloud-init[1319]: Generation complete.
[   25.090118] cloud-init[1319]: Cloud-init v. 21.1-19-gbad84ad4-0ubuntu1~16.04.2 running 'modules:config' at Tue, 04 Apr 2023 10:01:54 +0000. Up 19.92 seconds.
ci-info: no authorized SSH keys fingerprints found for user ubuntu.
<14>Apr  4 10:02:00 ec2: 
<14>Apr  4 10:02:00 ec2: #############################################################
<14>Apr  4 10:02:00 ec2: -----BEGIN SSH HOST KEY FINGERPRINTS-----
<14>Apr  4 10:02:00 ec2: 1024 SHA256:MsY+jmousKC8BqA1pDAdYN2MOnMthMQkOqfmk+ovGUU root@ubuntu-xenial (DSA)
<14>Apr  4 10:02:00 ec2: 256 SHA256:zUbdl/nOz9feCbjIcy2rEbXZ01dV2BroMUcBJMAA9Zw root@ubuntu-xenial (ECDSA)
<14>Apr  4 10:02:00 ec2: 256 SHA256:dBko1C7mqL+DL55q4aziC+E4md/z6ny8h9gesy8PY3Y root@ubuntu-xenial (ED25519)
<14>Apr  4 10:02:00 ec2: 2048 SHA256:AiUhIwmD2CuSAWkZzrWKe4j93S2By0GQ5jjYPfQPaWc root@ubuntu-xenial (RSA)
<14>Apr  4 10:02:00 ec2: -----END SSH HOST KEY FINGERPRINTS-----
<14>Apr  4 10:02:00 ec2: #############################################################
-----BEGIN SSH HOST KEY KEYS-----
ecdsa-sha2-nistp256 AAAAE2VjZHNhLXNoYTItbmlzdHAyNTYAAAAIbmlzdHAyNTYAAABBBHDT2mDhZjPs0S/HYuTQC+8muTHcUyCkO+RQb9abCEKLoXyCYbfKIu/Vdq8t8r9qoMrJNXxTxhSvIWv9JMy8TLA= root@ubuntu-xenial
ssh-ed25519 AAAAC3NzaC1lZDI1NTE5AAAAIHE+sk6QiWqWdFXcxsKvaJRx1fFKM/c5QFSe0HGFo1Ws root@ubuntu-xenial
ssh-rsa AAAAB3NzaC1yc2EAAAADAQABAAABAQCosHUnuWH4lBa67tB/McVNJOK84ZmajG/qcsidjYPwUhO260hzkCtzr0zhe0NVSkUwaeo9FRKMbr5XRmOu7gnlYySR6PiLPwI15IGfAM0wgFO3bbJgqXhN4rjuFg5EjoukILchp8uV+xZ6dIW/rxE4DMBapkEMvJK19mo9yERqxqefsH3AsOGTQm3kaP3Jd1sV4//rvIdIv4F1r880qjN5zeDDszQJpbF55VYab0WwfuXzSb2ZVRgRuIWw6nfOZLLrl5SZ/gN2pwX8qmq91ZbxKuecHkg69ULpZQYKd7aTKpqyAgph4GgZoHvA/cVsyv9DHymhEuaM48wQ6roFrJIX root@ubuntu-xenial
-----END SSH HOST KEY KEYS-----
[   26.095363] cloud-init[1568]: Cloud-init v. 21.1-19-gbad84ad4-0ubuntu1~16.04.2 running 'modules:final' at Tue, 04 Apr 2023 10:02:00 +0000. Up 25.80 seconds.
[   26.100037] cloud-init[1568]: ci-info: no authorized SSH keys fingerprints found for user ubuntu.
[   26.108759] cloud-init[1568]: Cloud-init v. 21.1-19-gbad84ad4-0ubuntu1~16.04.2 finished at Tue, 04 Apr 2023 10:02:00 +0000. Datasource DataSourceNoCloud [seed=/dev/sdb][dsmode=net].  Up 26.08 seconds
